<?xml version="1.0" encoding="UTF-8"?>
<testsuite xmlns:xsi="http://www.w3.org/2001/XMLSchema-instance" xsi:noNamespaceSchemaLocation="https://maven.apache.org/surefire/maven-surefire-plugin/xsd/surefire-test-report-3.0.xsd" version="3.0" name="epn.gr04.calculator.CalculatorParameterizedTest" time="0.269" tests="4" errors="0" skipped="0" failures="0">
  <properties>
[...]
</properties>
  <testcase name="testMultiplyWithMethodSource(double, double, double)[1]" classname="epn.gr04.calculator.CalculatorParameterizedTest" time="0.095"/>
  <testcase name="testMultiplyWithMethodSource(double, double, double)[2]" classname="epn.gr04.calculator.CalculatorParameterizedTest" time="0.019"/>
  <testcase name="testMultiplyWithMethodSource(double, double, double)[3]" classname="epn.gr04.calculator.CalculatorParameterizedTest" time="0.008"/>
  <testcase name="testMultiplyWithMethodSource(double, double, double)[4]" classname="epn.gr04.calculator.CalculatorParameterizedTest" time="0.004"/>
</testsuite>